2015-05-06 20:47:06,149 INFO [org.jasig.cas.services.DefaultServicesManagerImpl] - Loaded 1 services.
2015-05-06 20:47:06,799 INFO [org.jasig.cas.util.AutowiringSchedulerFactoryBean] - Starting Quartz Scheduler now
2015-05-06 20:47:26,357 INFO [org.jasig.cas.ticket.registry.support.DefaultTicketRegistryCleaner] - Beginning ticket cleanup.
2015-05-06 20:47:26,357 INFO [org.jasig.cas.ticket.registry.support.DefaultTicketRegistryCleaner] - 0 tickets found to be removed.
2015-05-06 20:47:26,357 INFO [org.jasig.cas.ticket.registry.support.DefaultTicketRegistryCleaner] - Finished ticket cleanup.
2015-05-06 20:48:06,474 INFO [org.jasig.cas.web.flow.InitialFlowSetupAction] - Setting path for cookies to: /
2015-05-06 20:48:06,474 INFO [org.jasig.cas.web.flow.InitialFlowSetupAction] - Setting path for cookies to: /
2015-05-06 20:49:06,360 INFO [org.jasig.cas.services.DefaultServicesManagerImpl] - Reloading registered services.
2015-05-06 20:49:06,360 INFO [org.jasig.cas.services.DefaultServicesManagerImpl] - Loaded 1 services.
2015-05-06 20:51:06,351 INFO [org.jasig.cas.services.DefaultServicesManagerImpl] - Reloading registered services.
2015-05-06 20:51:06,351 INFO [org.jasig.cas.services.DefaultServicesManagerImpl] - Loaded 1 services.
2015-05-06 20:53:06,360 INFO [org.jasig.cas.services.DefaultServicesManagerImpl] - Reloading registered services.
2015-05-06 20:53:06,360 INFO [org.jasig.cas.services.DefaultServicesManagerImpl] - Loaded 1 services.
2015-05-06 20:55:06,351 INFO [org.jasig.cas.services.DefaultServicesManagerImpl] - Reloading registered services.
2015-05-06 20:55:06,352 INFO [org.jasig.cas.services.DefaultServicesManagerImpl] - Loaded 1 services.
2015-05-06 20:57:06,359 INFO [org.jasig.cas.services.DefaultServicesManagerImpl] - Reloading registered services.
2015-05-06 20:57:06,359 INFO [org.jasig.cas.services.DefaultServicesManagerImpl] - Loaded 1 services.
2015-05-06 20:59:06,351 INFO [org.jasig.cas.services.DefaultServicesManagerImpl] - Reloading registered services.
2015-05-06 20:59:06,352 INFO [org.jasig.cas.services.DefaultServicesManagerImpl] - Loaded 1 services.
2015-05-06 21:01:06,357 INFO [org.jasig.cas.services.DefaultServicesManagerImpl] - Reloading registered services.
2015-05-06 21:01:06,357 INFO [org.jasig.cas.services.DefaultServicesManagerImpl] - Loaded 1 services.
2015-05-06 21:03:06,352 INFO [org.jasig.cas.services.DefaultServicesManagerImpl] - Reloading registered services.
2015-05-06 21:03:06,354 INFO [org.jasig.cas.services.DefaultServicesManagerImpl] - Loaded 1 services.
2015-05-06 21:05:06,365 INFO [org.jasig.cas.services.DefaultServicesManagerImpl] - Reloading registered services.
2015-05-06 21:05:06,365 INFO [org.jasig.cas.services.DefaultServicesManagerImpl] - Loaded 1 services.
2015-05-06 21:07:06,358 INFO [org.jasig.cas.services.DefaultServicesManagerImpl] - Reloading registered services.
2015-05-06 21:07:06,358 INFO [org.jasig.cas.services.DefaultServicesManagerImpl] - Loaded 1 services.
2015-05-06 21:09:06,353 INFO [org.jasig.cas.services.DefaultServicesManagerImpl] - Reloading registered services.
2015-05-06 21:09:06,353 INFO [org.jasig.cas.services.DefaultServicesManagerImpl] - Loaded 1 services.
2015-05-06 21:11:06,366 INFO [org.jasig.cas.services.DefaultServicesManagerImpl] - Reloading registered services.
2015-05-06 21:11:06,366 INFO [org.jasig.cas.services.DefaultServicesManagerImpl] - Loaded 1 services.
2015-05-06 21:13:06,351 INFO [org.jasig.cas.services.DefaultServicesManagerImpl] - Reloading registered services.
2015-05-06 21:13:06,352 INFO [org.jasig.cas.services.DefaultServicesManagerImpl] - Loaded 1 services.
